<?xml version="1.0" encoding="UTF-8"?>
<!-- Generated by org.testng.reporters.JUnitReportReporter -->
<testsuite hostname="LP-5CD912CWSK" failures="0" tests="1" name="studentApiTest.GetEmployeesTest" time="14.225" errors="0" timestamp="2020-04-29T13:12:06 IST" skipped="0">
  <testcase classname="studentApiTest.GetEmployeesTest" name="GetEmpsTest" time="14.225"/>
  <system-out/>
</testsuite> <!-- studentApiTest.GetEmployeesTest -->
