<?xml version="1.0" encoding="UTF-8"?>
<!-- Generated by org.testng.reporters.JUnitReportReporter -->
<testsuite hostname="LP-5CD912CWSK" failures="0" tests="1" name="studentApiTest.GetEmployees" time="3.688" errors="0" timestamp="2020-05-05T12:58:51 IST" skipped="0">
  <testcase classname="studentApiTest.GetEmployees" name="GetEmployeesTest" time="3.688"/>
  <system-out/>
</testsuite> <!-- studentApiTest.GetEmployees -->
