<?xml version="1.0" encoding="UTF-8"?>
<!-- Generated by org.testng.reporters.JUnitReportReporter -->
<testsuite hostname="LP-5CD912CWSK" failures="0" tests="1" name="baseTest.BaseTests" time="0.022" errors="0" timestamp="2020-04-24T12:31:19 IST" skipped="0">
  <testcase classname="baseTest.BaseTests" name="utilsTest" time="0.022"/>
  <system-out/>
</testsuite> <!-- baseTest.BaseTests -->
