<?xml version="1.0" encoding="UTF-8"?>
<!-- Generated by org.testng.reporters.JUnitReportReporter -->
<testsuite hostname="LP-5CD912CWSK" failures="0" tests="1" name="functionalTesting.GetTest" time="12.541" errors="0" timestamp="2020-04-23T12:43:16 IST" skipped="0">
  <testcase classname="functionalTesting.GetTest" name="GetTestByAutomation" time="12.541"/>
  <system-out/>
</testsuite> <!-- functionalTesting.GetTest -->
