<?xml version="1.0" encoding="UTF-8"?>
<!-- Generated by org.testng.reporters.JUnitReportReporter -->
<testsuite hostname="LP-5CD912CWSK" failures="0" tests="1" name="studentApiTest.PostEmployees" time="6.485" errors="0" timestamp="2020-04-27T17:10:41 IST" skipped="0">
  <testcase classname="studentApiTest.PostEmployees" name="validPostAPITest" time="6.485"/>
  <system-out/>
</testsuite> <!-- studentApiTest.PostEmployees -->
