<?xml version="1.0" encoding="UTF-8"?>
<!-- Generated by org.testng.reporters.JUnitReportReporter -->
<testsuite hostname="LP-5CD912CWSK" failures="0" tests="1" name="baseTest.BaseTestsTest" time="1.492" errors="0" timestamp="2020-04-28T16:41:23 IST" skipped="0">
  <testcase classname="baseTest.BaseTestsTest" name="BaseTestTests" time="1.492"/>
  <system-out/>
</testsuite> <!-- baseTest.BaseTestsTest -->
