<?xml version="1.0" encoding="UTF-8"?>
<!-- Generated by org.testng.reporters.JUnitReportReporter -->
<testsuite hostname="LP-5CD912CWSK" failures="0" tests="1" name="studentApiTest.PostEmployeesTest" time="31.302" errors="0" timestamp="2020-04-28T17:07:48 IST" skipped="0">
  <testcase classname="studentApiTest.PostEmployeesTest" name="PostEmpsTest" time="31.302"/>
  <system-out/>
</testsuite> <!-- studentApiTest.PostEmployeesTest -->
